<?xml version="1.0" encoding="UTF-8"?>
<!-- Generated by org.testng.reporters.JUnitXMLReporter -->
<testsuite ignored="0" hostname="LAPTOP-7DL7U0J0" failures="0" tests="4" name="ProductPageTest Test2" time="18.488" errors="0" timestamp="2021-10-07T12:03:59 GMT+03:00">
  <testcase classname="com.qa.medicare.testcases.ProductRangePageTest" name="CheckProductePage" time="1.863"/>
  <testcase classname="com.qa.medicare.testcases.ProductRangePageTest" name="CheckRespiratorycarePage" time="6.433"/>
  <testcase classname="com.qa.medicare.testcases.ProductRangePageTest" name="CheckAspiratorsPage" time="3.549"/>
  <testcase classname="com.qa.medicare.testcases.ProductRangePageTest" name="CheckDiaphragmPumpsPage" time="1.986"/>
</testsuite> <!-- ProductPageTest Test2 -->
