<?xml version="1.0" encoding="UTF-8"?>
<!-- Generated by org.testng.reporters.JUnitXMLReporter -->
<testsuite ignored="0" hostname="LAPTOP-7DL7U0J0" failures="0" tests="4" name="ProductPage" time="17.844" errors="0" timestamp="2021-10-07T12:22:30 GMT+03:00">
  <testcase classname="com.qa.medicare.testcases.ProductRangePageTest" name="CheckProductePage" time="1.993"/>
  <testcase classname="com.qa.medicare.testcases.ProductRangePageTest" name="CheckRespiratorycarePage" time="5.783"/>
  <testcase classname="com.qa.medicare.testcases.ProductRangePageTest" name="CheckAspiratorsPage" time="3.447"/>
  <testcase classname="com.qa.medicare.testcases.ProductRangePageTest" name="CheckDiaphragmPumpsPage" time="1.732"/>
</testsuite> <!-- ProductPage -->
